2022-Apr-03 02:32:56 Наличие необходимых модулей php (check_php_modules): Ok
Все необходимые модули установлены
2022-Apr-03 02:32:57 Обязательные параметры PHP (check_php_settings): Ok
Настройки правильные
2022-Apr-03 02:32:57 Модули веб-сервера (check_security): Warning
Замечание. Загружен модуль mod_dav/mod_dav_fs, WebDav не будет работать
2022-Apr-03 02:32:57 Значения переменных сервера (check_server_vars): Ok
Корректные
2022-Apr-03 02:32:57 Сохранение сессии (check_session): Ok
50% done
2022-Apr-03 02:32:57 Сохранение сессии (check_session): Ok
Успешно
2022-Apr-03 02:32:58 Параметры настройки UTF (mbstring и константа BX_UTF) (check_mbstring): Ok
Правильные. Сайт работает в UTF кодировке
2022-Apr-03 02:32:58 Служебные скрипты в корне сайта (check_install_scripts): Ok
Отсутствуют
2022-Apr-03 02:32:58 Работа с сокетами (check_socket): Ok
Connection to localhost:8888	Success

Успешно
2022-Apr-03 02:32:58 Выполнение агентов на cron (check_bx_crontab): Warning
Замечание. Агенты выполняются на хитах, рекомендуется перевести выполнение агентов на cron
2022-Apr-03 02:32:58 Параметры подключения к базе данных (check_dbconn_settings): Ok
Успешно
2022-Apr-03 02:32:59 Лишний вывод в файлах конфигурации (check_dbconn): Ok
Connection to localhost:8888	Success

Успешно
2022-Apr-03 02:32:59 Сохранение сессии без UserAgent (check_session_ua): Ok
50% done
Connection to localhost:8888	Success

2022-Apr-03 02:32:59 Сохранение сессии без UserAgent (check_session_ua): Ok
Connection to localhost:8888	Success

Успешно
2022-Apr-03 02:32:59 Настройки сайтов (check_sites): Ok
Правильные
2022-Apr-03 02:32:59 Передача объектов по ссылке (check_clone): Ok
Успешно
2022-Apr-03 02:33:00 Размер стека и pcre.recursion_limit (check_pcre_recursion): Ok
Connection to localhost:8888	Success

Успешно
2022-Apr-03 02:33:00 Загрузка файла (check_upload): Ok
Connection to localhost:8888	Success

Успешно
2022-Apr-03 02:33:00 Загрузка файла больше 4Мб (check_upload_big): Ok
Connection to localhost:8888	Success

Успешно
2022-Apr-03 02:33:00 Загрузка файла через php://input (check_upload_raw): Ok
Connection to localhost:8888	Success

Успешно
2022-Apr-03 02:33:00 Передача POST запроса с большим числом параметров (check_post): Ok
Connection to localhost:8888	Success

Успешно
2022-Apr-03 02:33:01 Отправка почты (check_mail): Ok
Успешно
2022-Apr-03 02:33:01 Отправка почтового сообщения больше 64Кб (check_mail_big): Ok
Успешно
